  pch.cpp
  Animation.cpp
  AttackMeshComponent.cpp
  EnemyObject.cpp
  EnemyObjectStateAttack.cpp
  EnemyObjectStateBase.cpp
  EnemyObjectStateMove.cpp
  EnemyObjectStateTrack.cpp
  EnemyObjectStateWait.cpp
  PlayerObjectStateSecondAttack.cpp
  PlayerObjectStateThirdAttack.cpp
  PlayerObjectStateBase.cpp
  PlayerObjectStateSprintLoop.cpp
  PlayerObjectStateSprintStart.cpp
  PlayerObjectStateIdle.cpp
  PlayerWeaponObject.cpp
  RapidJsonHelper.cpp
  WallObject.cpp
  BoxCollider.cpp
  ColliderComponent.cpp
  Collision.cpp
  コードを生成中...
  コンパイル中...
  HDRRenderer.cpp
  Sprite.cpp
  GameObject.cpp
  GroundObject.cpp
  BoneTransform.cpp
  Component.cpp
  FPS.cpp
  Game.cpp
  GameObjectManager.cpp
  InputSystem.cpp
  main.cpp
  MainCameraObject.cpp
  MapCreate.cpp
  Math.cpp
  Mesh.cpp
  MeshComponent.cpp
  ParticleComponent.cpp
  PhysicsWorld.cpp
  PlayerObject.cpp
  Renderer.cpp
D:\Users\leoha\Desktop\sub\GameProject\TowerDefence\Renderer.cpp(131,47): warning C4244: '引数': 'float' から 'int' への変換です。データが失われる可能性があります。
D:\Users\leoha\Desktop\sub\GameProject\TowerDefence\Renderer.cpp(131,33): warning C4244: '引数': 'float' から 'int' への変換です。データが失われる可能性があります。
  コードを生成中...
  コンパイル中...
  SceneBase.cpp
  Shader.cpp
  SkeletalMeshComponent.cpp
  Skeleton.cpp
  SphereCollider.cpp
  SpriteComponent.cpp
  Texture.cpp
  TitleScene.cpp
  Tutorial.cpp
  UIComponent.cpp
  VertexArray.cpp
  コードを生成中...
  EnemyObjectStateDamage.cpp
  EnemyObjectStateDeath.cpp
  PlayerObjectStateDashAttack.cpp
  コードを生成中...
  PlayerObjectStateFirstAttack.cpp
  PlayerObjectStateRunLoop.cpp
  コードを生成中...
  TowerDefence.vcxproj -> D:\Users\leoha\Desktop\sub\GameProject\TowerDefence\TowerDefence.exe
  D:\Users\leoha\Desktop\sub\GameProject\TowerDefence\\..\external\SDL\lib\win\x86\libfreetype-6.dll
  D:\Users\leoha\Desktop\sub\GameProject\TowerDefence\\..\external\SDL\lib\win\x86\libogg-0.dll
  D:\Users\leoha\Desktop\sub\GameProject\TowerDefence\\..\external\SDL\lib\win\x86\libpng16-16.dll
  D:\Users\leoha\Desktop\sub\GameProject\TowerDefence\\..\external\SDL\lib\win\x86\libvorbis-0.dll
  D:\Users\leoha\Desktop\sub\GameProject\TowerDefence\\..\external\SDL\lib\win\x86\libvorbisfile-3.dll
  D:\Users\leoha\Desktop\sub\GameProject\TowerDefence\\..\external\SDL\lib\win\x86\SDL2.dll
  D:\Users\leoha\Desktop\sub\GameProject\TowerDefence\\..\external\SDL\lib\win\x86\SDL2_image.dll
  D:\Users\leoha\Desktop\sub\GameProject\TowerDefence\\..\external\SDL\lib\win\x86\SDL2_mixer.dll
  D:\Users\leoha\Desktop\sub\GameProject\TowerDefence\\..\external\SDL\lib\win\x86\SDL2_ttf.dll
  D:\Users\leoha\Desktop\sub\GameProject\TowerDefence\\..\external\SDL\lib\win\x86\zlib1.dll
  10 個のファイルをコピーしました
  D:\Users\leoha\Desktop\sub\GameProject\TowerDefence\\..\external\GLEW\lib\win\x86\glew32.dll
  1 個のファイルをコピーしました
